#! /c/Source/iverilog-install/bin/vvp
:ivl_version "12.0 (devel)" "(s20150603-1110-g18392a46)";
:ivl_delay_selection "TYPICAL";
:vpi_time_precision + 0;
:vpi_module "C:\iverilog\lib\ivl\system.vpi";
:vpi_module "C:\iverilog\lib\ivl\vhdl_sys.vpi";
:vpi_module "C:\iverilog\lib\ivl\vhdl_textio.vpi";
:vpi_module "C:\iverilog\lib\ivl\v2005_math.vpi";
:vpi_module "C:\iverilog\lib\ivl\va_math.vpi";
S_000001e4d26ad0e0 .scope module, "four_FFT_tb" "four_FFT_tb" 2 2;
 .timescale 0 0;
L_000001e4d28519b8 .functor BUFT 1, C4<000000>, C4<0>, C4<0>, C4<0>;
v000001e4d2850af0_0 .net "Ai", 5 0, L_000001e4d28519b8;  1 drivers
v000001e4d28514f0_0 .net "Ar", 5 0, L_000001e4d2850230;  1 drivers
v000001e4d284fd30_0 .net "Bi", 5 0, L_000001e4d2850870;  1 drivers
o000001e4d27fb078 .functor BUFZ 6, C4<zzzzzz>; HiZ drive
v000001e4d28511d0_0 .net "Br", 5 0, o000001e4d27fb078;  0 drivers
L_000001e4d2851a90 .functor BUFT 1, C4<000000>, C4<0>, C4<0>, C4<0>;
v000001e4d2850ff0_0 .net "Ci", 5 0, L_000001e4d2851a90;  1 drivers
o000001e4d27fb108 .functor BUFZ 6, C4<zzzzzz>; HiZ drive
v000001e4d284fb50_0 .net "Cr", 5 0, o000001e4d27fb108;  0 drivers
v000001e4d284fdd0_0 .net "Di", 5 0, L_000001e4d2850550;  1 drivers
o000001e4d27fb198 .functor BUFZ 6, C4<zzzzzz>; HiZ drive
v000001e4d284fc90_0 .net "Dr", 5 0, o000001e4d27fb198;  0 drivers
v000001e4d2850d70_0 .var "a", 3 0;
v000001e4d284ffb0_0 .var "b", 3 0;
v000001e4d284fe70_0 .var "c", 3 0;
v000001e4d2850b90_0 .var "d", 3 0;
S_000001e4d26ad270 .scope module, "f1" "four_FFT" 2 5, 3 1 0, S_000001e4d26ad0e0;
 .timescale 0 0;
    .port_info 0 /INPUT 4 "a";
    .port_info 1 /INPUT 4 "b";
    .port_info 2 /INPUT 4 "c";
    .port_info 3 /INPUT 4 "d";
    .port_info 4 /OUTPUT 6 "Ar";
    .port_info 5 /OUTPUT 6 "Br";
    .port_info 6 /OUTPUT 6 "Cr";
    .port_info 7 /OUTPUT 6 "Dr";
    .port_info 8 /OUTPUT 6 "Ai";
    .port_info 9 /OUTPUT 6 "Bi";
    .port_info 10 /OUTPUT 6 "Ci";
    .port_info 11 /OUTPUT 6 "Di";
v000001e4d27eaa50_0 .net "Ai", 5 0, L_000001e4d28519b8;  alias, 1 drivers
v000001e4d27eb310_0 .net "Ar", 5 0, L_000001e4d2850230;  alias, 1 drivers
v000001e4d27eb3b0_0 .net "B", 0 0, L_000001e4d2850f50;  1 drivers
v000001e4d27eaeb0_0 .net "Bi", 5 0, L_000001e4d2850870;  alias, 1 drivers
v000001e4d27eb090_0 .net "Br", 5 0, o000001e4d27fb078;  alias, 0 drivers
v000001e4d27eb4f0_0 .net "C", 0 0, L_000001e4d2850190;  1 drivers
v000001e4d27eac30_0 .net "Ci", 5 0, L_000001e4d2851a90;  alias, 1 drivers
v000001e4d27eb450_0 .net "Cr", 5 0, o000001e4d27fb108;  alias, 0 drivers
v000001e4d27eb6d0_0 .net "D", 0 0, L_000001e4d2850910;  1 drivers
v000001e4d27eb130_0 .net "Di", 5 0, L_000001e4d2850550;  alias, 1 drivers
v000001e4d27eb590_0 .net "Dr", 5 0, o000001e4d27fb198;  alias, 0 drivers
v000001e4d27eb1d0_0 .net *"_ivl_0", 5 0, L_000001e4d2850cd0;  1 drivers
v000001e4d27eb770_0 .net *"_ivl_10", 5 0, L_000001e4d28504b0;  1 drivers
L_000001e4d2851928 .functor BUFT 1, C4<00>, C4<0>, C4<0>, C4<0>;
v000001e4d27eacd0_0 .net *"_ivl_13", 1 0, L_000001e4d2851928;  1 drivers
v000001e4d27eb810_0 .net *"_ivl_14", 5 0, L_000001e4d2850690;  1 drivers
v000001e4d27eae10_0 .net *"_ivl_16", 5 0, L_000001e4d28500f0;  1 drivers
L_000001e4d2851970 .functor BUFT 1, C4<00>, C4<0>, C4<0>, C4<0>;
v000001e4d27eb630_0 .net *"_ivl_19", 1 0, L_000001e4d2851970;  1 drivers
v000001e4d27eb8b0_0 .net *"_ivl_24", 3 0, L_000001e4d2851590;  1 drivers
v000001e4d27eb950_0 .net *"_ivl_28", 5 0, L_000001e4d28507d0;  1 drivers
L_000001e4d2851898 .functor BUFT 1, C4<00>, C4<0>, C4<0>, C4<0>;
v000001e4d27eaaf0_0 .net *"_ivl_3", 1 0, L_000001e4d2851898;  1 drivers
L_000001e4d2851a00 .functor BUFT 1, C4<00>, C4<0>, C4<0>, C4<0>;
v000001e4d27ead70_0 .net *"_ivl_31", 1 0, L_000001e4d2851a00;  1 drivers
v000001e4d2850a50_0 .net *"_ivl_32", 5 0, L_000001e4d2851130;  1 drivers
L_000001e4d2851a48 .functor BUFT 1, C4<00>, C4<0>, C4<0>, C4<0>;
v000001e4d284fab0_0 .net *"_ivl_35", 1 0, L_000001e4d2851a48;  1 drivers
v000001e4d2851450_0 .net *"_ivl_38", 3 0, L_000001e4d2850410;  1 drivers
v000001e4d2850eb0_0 .net *"_ivl_4", 5 0, L_000001e4d2850730;  1 drivers
v000001e4d2850c30_0 .net *"_ivl_40", 3 0, L_000001e4d2851270;  1 drivers
v000001e4d2851770_0 .net *"_ivl_42", 3 0, L_000001e4d28513b0;  1 drivers
v000001e4d2851310_0 .net *"_ivl_48", 3 0, L_000001e4d2851630;  1 drivers
v000001e4d28505f0_0 .net *"_ivl_52", 5 0, L_000001e4d28516d0;  1 drivers
L_000001e4d2851ad8 .functor BUFT 1, C4<00>, C4<0>, C4<0>, C4<0>;
v000001e4d2851090_0 .net *"_ivl_55", 1 0, L_000001e4d2851ad8;  1 drivers
v000001e4d284f8d0_0 .net *"_ivl_56", 5 0, L_000001e4d28502d0;  1 drivers
L_000001e4d2851b20 .functor BUFT 1, C4<00>, C4<0>, C4<0>, C4<0>;
v000001e4d284fbf0_0 .net *"_ivl_59", 1 0, L_000001e4d2851b20;  1 drivers
L_000001e4d28518e0 .functor BUFT 1, C4<00>, C4<0>, C4<0>, C4<0>;
v000001e4d284fa10_0 .net *"_ivl_7", 1 0, L_000001e4d28518e0;  1 drivers
v000001e4d284ff10_0 .net *"_ivl_8", 5 0, L_000001e4d2850e10;  1 drivers
v000001e4d2850370_0 .net "a", 3 0, v000001e4d2850d70_0;  1 drivers
v000001e4d284f970_0 .net "b", 3 0, v000001e4d284ffb0_0;  1 drivers
v000001e4d2850050_0 .net "c", 3 0, v000001e4d284fe70_0;  1 drivers
v000001e4d28509b0_0 .net "d", 3 0, v000001e4d2850b90_0;  1 drivers
L_000001e4d2850cd0 .concat [ 4 2 0 0], v000001e4d2850d70_0, L_000001e4d2851898;
L_000001e4d2850730 .concat [ 4 2 0 0], v000001e4d284ffb0_0, L_000001e4d28518e0;
L_000001e4d2850e10 .arith/sum 6, L_000001e4d2850cd0, L_000001e4d2850730;
L_000001e4d28504b0 .concat [ 4 2 0 0], v000001e4d284fe70_0, L_000001e4d2851928;
L_000001e4d2850690 .arith/sum 6, L_000001e4d2850e10, L_000001e4d28504b0;
L_000001e4d28500f0 .concat [ 4 2 0 0], v000001e4d2850b90_0, L_000001e4d2851970;
L_000001e4d2850230 .arith/sum 6, L_000001e4d2850690, L_000001e4d28500f0;
L_000001e4d2851590 .arith/sub 4, v000001e4d2850d70_0, v000001e4d284fe70_0;
L_000001e4d2850f50 .part L_000001e4d2851590, 0, 1;
L_000001e4d28507d0 .concat [ 4 2 0 0], v000001e4d2850b90_0, L_000001e4d2851a00;
L_000001e4d2851130 .concat [ 4 2 0 0], v000001e4d284ffb0_0, L_000001e4d2851a48;
L_000001e4d2850870 .arith/sub 6, L_000001e4d28507d0, L_000001e4d2851130;
L_000001e4d2850410 .arith/sum 4, v000001e4d2850d70_0, v000001e4d284fe70_0;
L_000001e4d2851270 .arith/sub 4, L_000001e4d2850410, v000001e4d284ffb0_0;
L_000001e4d28513b0 .arith/sub 4, L_000001e4d2851270, v000001e4d2850b90_0;
L_000001e4d2850190 .part L_000001e4d28513b0, 0, 1;
L_000001e4d2851630 .arith/sub 4, v000001e4d2850d70_0, v000001e4d284fe70_0;
L_000001e4d2850910 .part L_000001e4d2851630, 0, 1;
L_000001e4d28516d0 .concat [ 4 2 0 0], v000001e4d284ffb0_0, L_000001e4d2851ad8;
L_000001e4d28502d0 .concat [ 4 2 0 0], v000001e4d2850b90_0, L_000001e4d2851b20;
L_000001e4d2850550 .arith/sub 6, L_000001e4d28516d0, L_000001e4d28502d0;
    .scope S_000001e4d26ad0e0;
T_0 ;
    %vpi_call 2 9 "$dumpfile", "four_FFT.vcd" {0 0 0};
    %vpi_call 2 10 "$dumpvars", 32'sb00000000000000000000000000000000, S_000001e4d26ad0e0 {0 0 0};
    %pushi/vec4 0, 0, 4;
    %store/vec4 v000001e4d2850d70_0, 0, 4;
    %pushi/vec4 1, 0, 4;
    %store/vec4 v000001e4d284ffb0_0, 0, 4;
    %pushi/vec4 2, 0, 4;
    %store/vec4 v000001e4d284fe70_0, 0, 4;
    %pushi/vec4 3, 0, 4;
    %store/vec4 v000001e4d2850b90_0, 0, 4;
    %delay 10, 0;
    %pushi/vec4 0, 0, 4;
    %store/vec4 v000001e4d2850d70_0, 0, 4;
    %pushi/vec4 1, 0, 4;
    %store/vec4 v000001e4d284ffb0_0, 0, 4;
    %pushi/vec4 2, 0, 4;
    %store/vec4 v000001e4d284fe70_0, 0, 4;
    %pushi/vec4 3, 0, 4;
    %store/vec4 v000001e4d2850b90_0, 0, 4;
    %vpi_call 2 16 "$display", "a ", v000001e4d2850d70_0 {0 0 0};
    %vpi_call 2 17 "$display", "c ", v000001e4d284fe70_0 {0 0 0};
    %load/vec4 v000001e4d2850d70_0;
    %load/vec4 v000001e4d284fe70_0;
    %sub;
    %vpi_call 2 18 "$display", "a-c ", S<0,vec4,u4> {1 0 0};
    %end;
    .thread T_0;
# The file index is used to find the file name in the following table.
:file_names 4;
    "N/A";
    "<interactive>";
    "four_FFT_tb.v";
    "./four_FFT.v";
